AH00558: apache2: Could not reliably determine the server's fully qualified domain name, using 172.19.0.5. Set the 'ServerName' directive globally to suppress this message
[Mon Aug 03 15:07:27.484018 2020] [mpm_prefork:notice] [pid 1] AH00163: Apache/2.4.25 (Debian) PHP/7.1.20 configured -- resuming normal operations
[Mon Aug 03 15:07:27.487857 2020] [core:notice] [pid 1] AH00094: Command line: 'apache2 -D FOREGROUND'
[Mon Aug 03 15:24:59.478902 2020] [mpm_prefork:notice] [pid 1] AH00169: caught SIGTERM, shutting down
AH00558: apache2: Could not reliably determine the server's fully qualified domain name, using 172.19.0.4. Set the 'ServerName' directive globally to suppress this message
[Mon Aug 03 15:25:04.669119 2020] [mpm_prefork:notice] [pid 1] AH00163: Apache/2.4.25 (Debian) PHP/7.1.20 configured -- resuming normal operations
[Mon Aug 03 15:25:04.689631 2020] [core:notice] [pid 1] AH00094: Command line: 'apache2 -D FOREGROUND'
[Mon Aug 03 15:36:40.550825 2020] [mpm_prefork:notice] [pid 1] AH00169: caught SIGTERM, shutting down
AH00112: Warning: DocumentRoot [/etc/apache2/C:/wamp64/www/saudesys/public] does not exist
AH00112: Warning: DocumentRoot [/etc/apache2/C:/wamp64/www/saudesys/public] does not exist
AH00112: Warning: DocumentRoot [/etc/apache2/C:/wamp64/www/merecomais/public] does not exist
AH00112: Warning: DocumentRoot [/etc/apache2/C:/wamp64/www/britago/public] does not exist
AH00112: Warning: DocumentRoot [/etc/apache2/C:/wamp64/www/golaco/public] does not exist
AH00112: Warning: DocumentRoot [/etc/apache2/C:/wamp64/www/cartola/public] does not exist
AH00112: Warning: DocumentRoot [/etc/apache2/C:/wamp64/www/bioagro/public] does not exist
AH00112: Warning: DocumentRoot [/etc/apache2/C:/wamp64/www/mentoria/public] does not exist
AH00112: Warning: DocumentRoot [/etc/apache2/C:/wamp64/www/minerapido/public] does not exist
AH00112: Warning: DocumentRoot [/etc/apache2/C:/wamp64/www/laminas/public] does not exist
AH00112: Warning: DocumentRoot [/etc/apache2/C:/wamp64/www/fitmapp/public] does not exist
AH00112: Warning: DocumentRoot [/etc/apache2/C:/wamp64/www/otixhub/public] does not exist
AH00112: Warning: DocumentRoot [/etc/apache2/C:/wamp64/www/otixhub/public] does not exist
AH00112: Warning: DocumentRoot [/etc/apache2/C:/wamp64/www/otixhub/public] does not exist
AH00558: apache2: Could not reliably determine the server's fully qualified domain name, using 172.19.0.5. Set the 'ServerName' directive globally to suppress this message
[Mon Aug 03 15:36:50.895043 2020] [mpm_prefork:notice] [pid 1] AH00163: Apache/2.4.25 (Debian) PHP/7.1.20 configured -- resuming normal operations
[Mon Aug 03 15:36:50.908435 2020] [core:notice] [pid 1] AH00094: Command line: 'apache2 -D FOREGROUND'
[Mon Aug 03 15:38:18.925597 2020] [mpm_prefork:notice] [pid 1] AH00169: caught SIGTERM, shutting down
AH00112: Warning: DocumentRoot [/etc/apache2/C:/wamp64/www/saudesys/public] does not exist
AH00112: Warning: DocumentRoot [/etc/apache2/C:/wamp64/www/saudesys/public] does not exist
AH00112: Warning: DocumentRoot [/etc/apache2/C:/wamp64/www/merecomais/public] does not exist
AH00112: Warning: DocumentRoot [/etc/apache2/C:/wamp64/www/britago/public] does not exist
AH00112: Warning: DocumentRoot [/etc/apache2/C:/wamp64/www/golaco/public] does not exist
AH00112: Warning: DocumentRoot [/etc/apache2/C:/wamp64/www/cartola/public] does not exist
AH00112: Warning: DocumentRoot [/etc/apache2/C:/wamp64/www/bioagro/public] does not exist
AH00112: Warning: DocumentRoot [/etc/apache2/C:/wamp64/www/mentoria/public] does not exist
AH00112: Warning: DocumentRoot [/etc/apache2/C:/wamp64/www/minerapido/public] does not exist
AH00112: Warning: DocumentRoot [/etc/apache2/C:/wamp64/www/laminas/public] does not exist
AH00112: Warning: DocumentRoot [/etc/apache2/C:/wamp64/www/fitmapp/public] does not exist
AH00112: Warning: DocumentRoot [/etc/apache2/C:/wamp64/www/otixhub/public] does not exist
AH00112: Warning: DocumentRoot [/etc/apache2/C:/wamp64/www/otixhub/public] does not exist
AH00112: Warning: DocumentRoot [/etc/apache2/C:/wamp64/www/otixhub/public] does not exist
AH00558: apache2: Could not reliably determine the server's fully qualified domain name, using 172.19.0.5. Set the 'ServerName' directive globally to suppress this message
[Mon Aug 03 15:38:24.595883 2020] [mpm_prefork:notice] [pid 1] AH00163: Apache/2.4.25 (Debian) PHP/7.1.20 configured -- resuming normal operations
[Mon Aug 03 15:38:24.599121 2020] [core:notice] [pid 1] AH00094: Command line: 'apache2 -D FOREGROUND'
[Mon Aug 03 15:39:02.143455 2020] [mpm_prefork:notice] [pid 1] AH00169: caught SIGTERM, shutting down
AH00112: Warning: DocumentRoot [/etc/apache2/C:/wamp64/www/saudesys/public] does not exist
AH00112: Warning: DocumentRoot [/etc/apache2/C:/wamp64/www/saudesys/public] does not exist
AH00112: Warning: DocumentRoot [/etc/apache2/C:/wamp64/www/merecomais/public] does not exist
AH00112: Warning: DocumentRoot [/etc/apache2/C:/wamp64/www/britago/public] does not exist
AH00112: Warning: DocumentRoot [/etc/apache2/C:/wamp64/www/golaco/public] does not exist
AH00112: Warning: DocumentRoot [/etc/apache2/C:/wamp64/www/cartola/public] does not exist
AH00112: Warning: DocumentRoot [/etc/apache2/C:/wamp64/www/bioagro/public] does not exist
AH00112: Warning: DocumentRoot [/etc/apache2/C:/wamp64/www/mentoria/public] does not exist
AH00112: Warning: DocumentRoot [/etc/apache2/C:/wamp64/www/minerapido/public] does not exist
AH00112: Warning: DocumentRoot [/etc/apache2/C:/wamp64/www/laminas/public] does not exist
AH00112: Warning: DocumentRoot [/etc/apache2/C:/wamp64/www/fitmapp/public] does not exist
AH00112: Warning: DocumentRoot [/etc/apache2/C:/wamp64/www/otixhub/public] does not exist
AH00112: Warning: DocumentRoot [/etc/apache2/C:/wamp64/www/otixhub/public] does not exist
AH00112: Warning: DocumentRoot [/etc/apache2/C:/wamp64/www/otixhub/public] does not exist
AH00558: apache2: Could not reliably determine the server's fully qualified domain name, using 172.19.0.4. Set the 'ServerName' directive globally to suppress this message
[Mon Aug 03 15:39:06.977311 2020] [mpm_prefork:notice] [pid 1] AH00163: Apache/2.4.25 (Debian) PHP/7.1.20 configured -- resuming normal operations
[Mon Aug 03 15:39:06.983462 2020] [core:notice] [pid 1] AH00094: Command line: 'apache2 -D FOREGROUND'
[Mon Aug 03 15:39:47.199288 2020] [mpm_prefork:notice] [pid 1] AH00169: caught SIGTERM, shutting down
AH00112: Warning: DocumentRoot [/etc/apache2/C:/wamp64/www/saudesys/public] does not exist
AH00112: Warning: DocumentRoot [/etc/apache2/C:/wamp64/www/saudesys/public] does not exist
AH00112: Warning: DocumentRoot [/etc/apache2/C:/wamp64/www/merecomais/public] does not exist
AH00112: Warning: DocumentRoot [/etc/apache2/C:/wamp64/www/britago/public] does not exist
AH00112: Warning: DocumentRoot [/etc/apache2/C:/wamp64/www/golaco/public] does not exist
AH00112: Warning: DocumentRoot [/etc/apache2/C:/wamp64/www/cartola/public] does not exist
AH00112: Warning: DocumentRoot [/etc/apache2/C:/wamp64/www/bioagro/public] does not exist
AH00112: Warning: DocumentRoot [/etc/apache2/C:/wamp64/www/mentoria/public] does not exist
AH00112: Warning: DocumentRoot [/etc/apache2/C:/wamp64/www/minerapido/public] does not exist
AH00112: Warning: DocumentRoot [/etc/apache2/C:/wamp64/www/laminas/public] does not exist
AH00112: Warning: DocumentRoot [/etc/apache2/C:/wamp64/www/fitmapp/public] does not exist
AH00112: Warning: DocumentRoot [/etc/apache2/C:/wamp64/www/otixhub/public] does not exist
AH00112: Warning: DocumentRoot [/etc/apache2/C:/wamp64/www/otixhub/public] does not exist
AH00112: Warning: DocumentRoot [/etc/apache2/C:/wamp64/www/otixhub/public] does not exist
AH00558: apache2: Could not reliably determine the server's fully qualified domain name, using 172.19.0.4. Set the 'ServerName' directive globally to suppress this message
[Mon Aug 03 15:39:53.553326 2020] [mpm_prefork:notice] [pid 1] AH00163: Apache/2.4.25 (Debian) PHP/7.1.20 configured -- resuming normal operations
[Mon Aug 03 15:39:53.556306 2020] [core:notice] [pid 1] AH00094: Command line: 'apache2 -D FOREGROUND'
[Mon Aug 03 15:44:41.717506 2020] [mpm_prefork:notice] [pid 1] AH00169: caught SIGTERM, shutting down
AH00112: Warning: DocumentRoot [/etc/apache2/C:/wamp64/www/saudesys/public] does not exist
AH00112: Warning: DocumentRoot [/etc/apache2/C:/wamp64/www/saudesys/public] does not exist
AH00112: Warning: DocumentRoot [/etc/apache2/C:/wamp64/www/merecomais/public] does not exist
AH00112: Warning: DocumentRoot [/etc/apache2/C:/wamp64/www/britago/public] does not exist
AH00112: Warning: DocumentRoot [/etc/apache2/C:/wamp64/www/golaco/public] does not exist
AH00112: Warning: DocumentRoot [/etc/apache2/C:/wamp64/www/cartola/public] does not exist
AH00112: Warning: DocumentRoot [/etc/apache2/C:/wamp64/www/bioagro/public] does not exist
AH00112: Warning: DocumentRoot [/etc/apache2/C:/wamp64/www/mentoria/public] does not exist
AH00112: Warning: DocumentRoot [/etc/apache2/C:/wamp64/www/minerapido/public] does not exist
AH00112: Warning: DocumentRoot [/etc/apache2/C:/wamp64/www/laminas/public] does not exist
AH00112: Warning: DocumentRoot [/etc/apache2/C:/wamp64/www/fitmapp/public] does not exist
AH00112: Warning: DocumentRoot [/etc/apache2/C:/wamp64/www/otixhub/public] does not exist
AH00112: Warning: DocumentRoot [/etc/apache2/C:/wamp64/www/otixhub/public] does not exist
AH00112: Warning: DocumentRoot [/etc/apache2/C:/wamp64/www/otixhub/public] does not exist
AH00558: apache2: Could not reliably determine the server's fully qualified domain name, using 172.19.0.5. Set the 'ServerName' directive globally to suppress this message
[Mon Aug 03 15:44:54.624316 2020] [mpm_prefork:notice] [pid 1] AH00163: Apache/2.4.25 (Debian) PHP/7.1.20 configured -- resuming normal operations
[Mon Aug 03 15:44:54.634703 2020] [core:notice] [pid 1] AH00094: Command line: 'apache2 -D FOREGROUND'
[Mon Aug 03 16:09:05.555775 2020] [mpm_prefork:notice] [pid 1] AH00169: caught SIGTERM, shutting down
AH00112: Warning: DocumentRoot [/etc/apache2/C:/wamp64/www/saudesys/public] does not exist
AH00112: Warning: DocumentRoot [/etc/apache2/C:/wamp64/www/saudesys/public] does not exist
AH00112: Warning: DocumentRoot [/etc/apache2/C:/wamp64/www/merecomais/public] does not exist
AH00112: Warning: DocumentRoot [/etc/apache2/C:/wamp64/www/britago/public] does not exist
AH00112: Warning: DocumentRoot [/etc/apache2/C:/wamp64/www/golaco/public] does not exist
AH00112: Warning: DocumentRoot [/etc/apache2/C:/wamp64/www/cartola/public] does not exist
AH00112: Warning: DocumentRoot [/etc/apache2/C:/wamp64/www/bioagro/public] does not exist
AH00112: Warning: DocumentRoot [/etc/apache2/C:/wamp64/www/mentoria/public] does not exist
AH00112: Warning: DocumentRoot [/etc/apache2/C:/wamp64/www/minerapido/public] does not exist
AH00112: Warning: DocumentRoot [/etc/apache2/C:/wamp64/www/laminas/public] does not exist
AH00112: Warning: DocumentRoot [/etc/apache2/C:/wamp64/www/fitmapp/public] does not exist
AH00112: Warning: DocumentRoot [/etc/apache2/C:/wamp64/www/otixhub/public] does not exist
AH00112: Warning: DocumentRoot [/etc/apache2/C:/wamp64/www/otixhub/public] does not exist
AH00112: Warning: DocumentRoot [/etc/apache2/C:/wamp64/www/otixhub/public] does not exist
AH00558: apache2: Could not reliably determine the server's fully qualified domain name, using 172.19.0.4. Set the 'ServerName' directive globally to suppress this message
[Mon Aug 03 16:09:10.424425 2020] [mpm_prefork:notice] [pid 1] AH00163: Apache/2.4.25 (Debian) PHP/7.1.20 configured -- resuming normal operations
[Mon Aug 03 16:09:10.439676 2020] [core:notice] [pid 1] AH00094: Command line: 'apache2 -D FOREGROUND'
[Mon Aug 03 16:11:52.560895 2020] [mpm_prefork:notice] [pid 1] AH00169: caught SIGTERM, shutting down
AH00112: Warning: DocumentRoot [/etc/apache2/C:/wamp64/www/saudesys/public] does not exist
AH00112: Warning: DocumentRoot [/etc/apache2/C:/wamp64/www/saudesys/public] does not exist
AH00112: Warning: DocumentRoot [/etc/apache2/C:/wamp64/www/merecomais/public] does not exist
AH00112: Warning: DocumentRoot [/etc/apache2/C:/wamp64/www/britago/public] does not exist
AH00112: Warning: DocumentRoot [/etc/apache2/C:/wamp64/www/golaco/public] does not exist
AH00112: Warning: DocumentRoot [/etc/apache2/C:/wamp64/www/cartola/public] does not exist
AH00112: Warning: DocumentRoot [/etc/apache2/C:/wamp64/www/bioagro/public] does not exist
AH00112: Warning: DocumentRoot [/etc/apache2/C:/wamp64/www/mentoria/public] does not exist
AH00112: Warning: DocumentRoot [/etc/apache2/C:/wamp64/www/minerapido/public] does not exist
AH00112: Warning: DocumentRoot [/etc/apache2/C:/wamp64/www/laminas/public] does not exist
AH00112: Warning: DocumentRoot [/etc/apache2/C:/wamp64/www/fitmapp/public] does not exist
AH00112: Warning: DocumentRoot [/etc/apache2/C:/wamp64/www/otixhub/public] does not exist
AH00112: Warning: DocumentRoot [/etc/apache2/C:/wamp64/www/otixhub/public] does not exist
AH00112: Warning: DocumentRoot [/etc/apache2/C:/wamp64/www/otixhub/public] does not exist
AH00558: apache2: Could not reliably determine the server's fully qualified domain name, using 172.19.0.4. Set the 'ServerName' directive globally to suppress this message
[Mon Aug 03 16:11:57.240762 2020] [mpm_prefork:notice] [pid 1] AH00163: Apache/2.4.25 (Debian) PHP/7.1.20 configured -- resuming normal operations
[Mon Aug 03 16:11:57.244736 2020] [core:notice] [pid 1] AH00094: Command line: 'apache2 -D FOREGROUND'
[Mon Aug 03 16:14:07.601275 2020] [mpm_prefork:notice] [pid 1] AH00169: caught SIGTERM, shutting down
AH00112: Warning: DocumentRoot [/etc/apache2/C:/wamp64/www/saudesys/public] does not exist
AH00112: Warning: DocumentRoot [/etc/apache2/C:/wamp64/www/saudesys/public] does not exist
AH00112: Warning: DocumentRoot [/etc/apache2/C:/wamp64/www/merecomais/public] does not exist
AH00112: Warning: DocumentRoot [/etc/apache2/C:/wamp64/www/britago/public] does not exist
AH00112: Warning: DocumentRoot [/etc/apache2/C:/wamp64/www/golaco/public] does not exist
AH00112: Warning: DocumentRoot [/etc/apache2/C:/wamp64/www/cartola/public] does not exist
AH00112: Warning: DocumentRoot [/etc/apache2/C:/wamp64/www/bioagro/public] does not exist
AH00112: Warning: DocumentRoot [/etc/apache2/C:/wamp64/www/mentoria/public] does not exist
AH00112: Warning: DocumentRoot [/etc/apache2/C:/wamp64/www/minerapido/public] does not exist
AH00112: Warning: DocumentRoot [/etc/apache2/C:/wamp64/www/laminas/public] does not exist
AH00112: Warning: DocumentRoot [/etc/apache2/C:/wamp64/www/fitmapp/public] does not exist
AH00112: Warning: DocumentRoot [/etc/apache2/C:/wamp64/www/otixhub/public] does not exist
AH00112: Warning: DocumentRoot [/etc/apache2/C:/wamp64/www/otixhub/public] does not exist
AH00112: Warning: DocumentRoot [/etc/apache2/C:/wamp64/www/otixhub/public] does not exist
AH00558: apache2: Could not reliably determine the server's fully qualified domain name, using 172.19.0.5. Set the 'ServerName' directive globally to suppress this message
[Mon Aug 03 16:14:12.151050 2020] [mpm_prefork:notice] [pid 1] AH00163: Apache/2.4.25 (Debian) PHP/7.1.20 configured -- resuming normal operations
[Mon Aug 03 16:14:12.155134 2020] [core:notice] [pid 1] AH00094: Command line: 'apache2 -D FOREGROUND'
[Mon Aug 03 16:14:50.693386 2020] [mpm_prefork:notice] [pid 1] AH00169: caught SIGTERM, shutting down
AH00112: Warning: DocumentRoot [/etc/apache2/C:/wamp64/www/saudesys/public] does not exist
AH00112: Warning: DocumentRoot [/etc/apache2/C:/wamp64/www/saudesys/public] does not exist
AH00112: Warning: DocumentRoot [/etc/apache2/C:/wamp64/www/merecomais/public] does not exist
AH00112: Warning: DocumentRoot [/etc/apache2/C:/wamp64/www/britago/public] does not exist
AH00112: Warning: DocumentRoot [/etc/apache2/C:/wamp64/www/golaco/public] does not exist
AH00112: Warning: DocumentRoot [/etc/apache2/C:/wamp64/www/cartola/public] does not exist
AH00112: Warning: DocumentRoot [/etc/apache2/C:/wamp64/www/bioagro/public] does not exist
AH00112: Warning: DocumentRoot [/etc/apache2/C:/wamp64/www/mentoria/public] does not exist
AH00112: Warning: DocumentRoot [/etc/apache2/C:/wamp64/www/minerapido/public] does not exist
AH00112: Warning: DocumentRoot [/etc/apache2/C:/wamp64/www/laminas/public] does not exist
AH00112: Warning: DocumentRoot [/etc/apache2/C:/wamp64/www/fitmapp/public] does not exist
AH00112: Warning: DocumentRoot [/etc/apache2/C:/wamp64/www/otixhub/public] does not exist
AH00112: Warning: DocumentRoot [/etc/apache2/C:/wamp64/www/otixhub/public] does not exist
AH00112: Warning: DocumentRoot [/etc/apache2/C:/wamp64/www/otixhub/public] does not exist
AH00558: apache2: Could not reliably determine the server's fully qualified domain name, using 172.19.0.5. Set the 'ServerName' directive globally to suppress this message
[Mon Aug 03 16:14:57.160380 2020] [mpm_prefork:notice] [pid 1] AH00163: Apache/2.4.25 (Debian) PHP/7.1.20 configured -- resuming normal operations
[Mon Aug 03 16:14:57.162777 2020] [core:notice] [pid 1] AH00094: Command line: 'apache2 -D FOREGROUND'
[Mon Aug 03 16:15:40.909380 2020] [mpm_prefork:notice] [pid 1] AH00169: caught SIGTERM, shutting down
AH00112: Warning: DocumentRoot [/etc/apache2/C:/wamp64/www/saudesys/public] does not exist
AH00112: Warning: DocumentRoot [/etc/apache2/C:/wamp64/www/saudesys/public] does not exist
AH00112: Warning: DocumentRoot [/etc/apache2/C:/wamp64/www/merecomais/public] does not exist
AH00112: Warning: DocumentRoot [/etc/apache2/C:/wamp64/www/britago/public] does not exist
AH00112: Warning: DocumentRoot [/etc/apache2/C:/wamp64/www/golaco/public] does not exist
AH00112: Warning: DocumentRoot [/etc/apache2/C:/wamp64/www/cartola/public] does not exist
AH00112: Warning: DocumentRoot [/etc/apache2/C:/wamp64/www/bioagro/public] does not exist
AH00112: Warning: DocumentRoot [/etc/apache2/C:/wamp64/www/mentoria/public] does not exist
AH00112: Warning: DocumentRoot [/etc/apache2/C:/wamp64/www/minerapido/public] does not exist
AH00112: Warning: DocumentRoot [/etc/apache2/C:/wamp64/www/laminas/public] does not exist
AH00112: Warning: DocumentRoot [/etc/apache2/C:/wamp64/www/fitmapp/public] does not exist
AH00112: Warning: DocumentRoot [/etc/apache2/C:/wamp64/www/otixhub/public] does not exist
AH00112: Warning: DocumentRoot [/etc/apache2/C:/wamp64/www/otixhub/public] does not exist
AH00112: Warning: DocumentRoot [/etc/apache2/C:/wamp64/www/otixhub/public] does not exist
AH00558: apache2: Could not reliably determine the server's fully qualified domain name, using 172.19.0.5. Set the 'ServerName' directive globally to suppress this message
[Mon Aug 03 16:15:45.689710 2020] [mpm_prefork:notice] [pid 1] AH00163: Apache/2.4.25 (Debian) PHP/7.1.20 configured -- resuming normal operations
[Mon Aug 03 16:15:45.692021 2020] [core:notice] [pid 1] AH00094: Command line: 'apache2 -D FOREGROUND'
[Mon Aug 03 16:24:47.091788 2020] [authz_core:error] [pid 18] [client 172.19.0.1:53326] AH01630: client denied by server configuration: /etc/apache2/C:
[Mon Aug 03 16:24:47.788223 2020] [authz_core:error] [pid 18] [client 172.19.0.1:53326] AH01630: client denied by server configuration: /etc/apache2/C:, referer: http://golaco.dev.br/
[Mon Aug 03 16:27:29.428088 2020] [authz_core:error] [pid 17] [client 172.19.0.1:53330] AH01630: client denied by server configuration: /etc/apache2/C:
[Mon Aug 03 16:27:29.714664 2020] [authz_core:error] [pid 17] [client 172.19.0.1:53330] AH01630: client denied by server configuration: /etc/apache2/C:, referer: http://golaco.dev.br/
[Mon Aug 03 16:27:30.619809 2020] [authz_core:error] [pid 17] [client 172.19.0.1:53330] AH01630: client denied by server configuration: /etc/apache2/C:
[Mon Aug 03 16:27:30.813503 2020] [authz_core:error] [pid 17] [client 172.19.0.1:53330] AH01630: client denied by server configuration: /etc/apache2/C:, referer: http://golaco.dev.br/
[Mon Aug 03 16:27:31.435234 2020] [authz_core:error] [pid 17] [client 172.19.0.1:53330] AH01630: client denied by server configuration: /etc/apache2/C:
[Mon Aug 03 16:27:31.548971 2020] [authz_core:error] [pid 17] [client 172.19.0.1:53330] AH01630: client denied by server configuration: /etc/apache2/C:, referer: http://golaco.dev.br/
[Mon Aug 03 16:27:32.151978 2020] [authz_core:error] [pid 17] [client 172.19.0.1:53330] AH01630: client denied by server configuration: /etc/apache2/C:
[Mon Aug 03 16:27:32.318638 2020] [authz_core:error] [pid 17] [client 172.19.0.1:53330] AH01630: client denied by server configuration: /etc/apache2/C:, referer: http://golaco.dev.br/
[Mon Aug 03 16:29:13.865390 2020] [authz_core:error] [pid 18] [client 172.19.0.1:53354] AH01630: client denied by server configuration: /etc/apache2/C:
[Mon Aug 03 16:29:14.363045 2020] [authz_core:error] [pid 18] [client 172.19.0.1:53354] AH01630: client denied by server configuration: /etc/apache2/C:, referer: http://golaco.dev.br/
[Mon Aug 03 16:29:48.325381 2020] [authz_core:error] [pid 17] [client 172.19.0.1:53358] AH01630: client denied by server configuration: /etc/apache2/C:
[Mon Aug 03 16:29:48.968690 2020] [authz_core:error] [pid 17] [client 172.19.0.1:53358] AH01630: client denied by server configuration: /etc/apache2/C:, referer: http://golaco.dev.br/
[Mon Aug 03 17:14:30.776036 2020] [authz_core:error] [pid 19] [client 172.19.0.1:53390] AH01630: client denied by server configuration: /etc/apache2/C:
[Mon Aug 03 17:14:31.385853 2020] [authz_core:error] [pid 19] [client 172.19.0.1:53390] AH01630: client denied by server configuration: /etc/apache2/C:, referer: http://golaco.dev.br/
[Mon Aug 03 17:16:24.346293 2020] [mpm_prefork:notice] [pid 1] AH00169: caught SIGTERM, shutting down
AH00112: Warning: DocumentRoot [/etc/apache2/C:/wamp64/www/saudesys/public] does not exist
AH00112: WarningAH00558: apache2: Could not reliably determine the server's fully qualified domain name, using 172.18.0.4. Set the 'ServerName' directive globally to suppress this message
[Tue Aug 04 14:32:23.705653 2020] [mpm_prefork:notice] [pid 1] AH00163: Apache/2.4.25 (Debian) PHP/7.1.20 configured -- resuming normal operations
[Tue Aug 04 14:32:23.711735 2020] [core:notice] [pid 1] AH00094: Command line: 'apache2 -D FOREGROUND'
[Tue Aug 04 14:36:50.702119 2020] [mpm_prefork:notice] [pid 1] AH00169: caught SIGTERM, shutting down
AH00558: apache2: Could not reliably determine the server's fully qualified domain name, using 172.18.0.4. Set the 'ServerName' directive globally to suppress this message
[Tue Aug 04 14:36:53.334003 2020] [mpm_prefork:notice] [pid 1] AH00163: Apache/2.4.25 (Debian) PHP/7.1.20 configured -- resuming normal operations
[Tue Aug 04 14:36:53.344745 2020] [core:notice] [pid 1] AH00094: Command line: 'apache2 -D FOREGROUND'
[Tue Aug 04 14:40:21.929770 2020] [mpm_prefork:notice] [pid 1] AH00169: caught SIGTERM, shutting down
public] does not exist
AH00112: Warning: DocumentRoot [/etc/apache2/C:/wamp64/www/otixhub/public] does not exist
AH00558: apache2: Could not reliably determine the server's fully qualified domain name, using 172.19.0.5. Set the 'ServerName' directive globally to suppress this message
[Mon Aug 03 17:16:26.805358 2020] [mpm_prefork:notice] [pid 1] AH00163: Apache/2.4.25 (Debian) PHP/7.1.20 configured -- resuming normal operations
[Mon Aug 03 17:16:26.808614 2020] [core:notice] [pid 1] AH00094: Command line: 'apache2 -D FOREGROUND'
[Mon Aug 03 17:16:43.392787 2020] [authz_core:error] [pid 17] [client 172.19.0.1:53394] AH01630: client denied by server configuration: /etc/apache2/C:
[Mon Aug 03 17:16:43.579062 2020] [authz_core:error] [pid 17] [client 172.19.0.1:53394] AH01630: client denied by server configuration: /etc/apache2/C:, referer: http://golaco.dev.br/
[Mon Aug 03 17:16:44.332398 2020] [authz_core:error] [pid 17] [client 172.19.0.1:53394] AH01630: client denied by server configuration: /etc/apache2/C:
[Mon Aug 03 17:16:44.425686 2020] [authz_core:error] [pid 17] [client 172.19.0.1:53394] AH01630: client denied by server configuration: /etc/apache2/C:, referer: http://golaco.dev.br/
[Mon Aug 03 17:20:44.126811 2020] [authz_core:error] [pid 18] [client 172.19.0.1:53418] AH01630: client denied by server configuration: /etc/apache2/C:
[Mon Aug 03 17:20:44.619645 2020] [authz_core:error] [pid 18] [client 172.19.0.1:53418] AH01630: client denied by server configuration: /etc/apache2/C:, referer: http://golaco.dev.br/
[Mon Aug 03 17:20:45.556891 2020] [authz_core:error] [pid 19] [client 172.19.0.1:53422] AH01630: client denied by server configuration: /etc/apache2/C:
[Mon Aug 03 17:20:45.682057 2020] [authz_core:error] [pid 19] [client 172.19.0.1:53422] AH01630: client denied by server configuration: /etc/apache2/C:, referer: http://golaco.dev.br/
[Mon Aug 03 17:31:29.149336 2020] [authz_core:error] [pid 21] [client 172.19.0.1:53432] AH01630: client denied by server configuration: /etc/apache2/C:
[Mon Aug 03 17:31:29.261841 2020] [authz_core:error] [pid 21] [client 172.19.0.1:53432] AH01630: client denied by server configuration: /etc/apache2/C:, referer: http://golaco.dev.br/
[Mon Aug 03 17:33:20.738837 2020] [mpm_prefork:notice] [pid 1] AH00169: caught SIGTERM, shutting down
AH00112: Warning: DocumentRoot [/etc/apache2/C:/wamp64/www/saudesys/public] does not exist
AH00112: Warning: DocumentRoot [/etc/apache2/C:/wamp64/www/saudesys/public] does not exist
AH00112: Warning: DocumentRoot [/etc/apache2/C:/wamp64/www/merecomais/public] does not exist
AH00112: Warning: DocumentRoot [/etc/apache2/C:/wamp64/www/britago/public] does not exist
AH00112: Warning: DocumentRoot [/etc/apache2/C:/wamp64/www/golaco/public] does not exist
AH00112: Warning: DocumentRoot [/etc/apache2/C:/wamp64/www/cartola/public] does not exist
AH00112: Warning: DocumentRoot [/etc/apache2/C:/wamp64/www/bioagro/public] does not exist
AH00112: Warning: DocumentRoot [/etc/apache2/C:/wamp64/www/mentoria/public] does not exist
AH00112: Warning: DocumentRoot [/etc/apache2/C:/wamp64/www/minerapido/public] does not exist
AH00112: Warning: DocumentRoot [/etc/apache2/C:/wamp64/www/laminas/public] does not exist
AH00112: Warning: DocumentRoot [/etc/apache2/C:/wamp64/www/fitmapp/public] does not exist
AH00112: Warning: DocumentRoot [/etc/apache2/C:/wamp64/www/otixhub/public] does not exist
AH00112: Warning: DocumentRoot [/etc/apache2/C:/wamp64/www/otixhub/public] does not exist
AH00112: Warning: DocumentRoot [/etc/apache2/C:/wamp64/www/otixhub/public] does not exist
AH00558: apache2: Could not reliably determine the server's fully qualified domain name, using 172.19.0.5. Set the 'ServerName' directive globally to suppress this message
[Mon Aug 03 17:33:22.843398 2020] [mpm_prefork:notice] [pid 1] AH00163: Apache/2.4.25 (Debian) PHP/7.1.20 configured -- resuming normal operations
[Mon Aug 03 17:33:22.846086 2020] [core:notice] [pid 1] AH00094: Command line: 'apache2 -D FOREGROUND'
[Mon Aug 03 17:33:39.054250 2020] [authz_core:error] [pid 18] [client 172.19.0.1:53462] AH01630: client denied by server configuration: /etc/apache2/C:
[Mon Aug 03 17:33:39.332199 2020] [authz_core:error] [pid 18] [client 172.19.0.1:53462] AH01630: client denied by server configuration: /etc/apache2/C:, referer: http://golaco.dev.br/
[Mon Aug 03 17:33:39.959159 2020] [authz_core:error] [pid 18] [client 172.19.0.1:53462] AH01630: client denied by server configuration: /etc/apache2/C:
[Mon Aug 03 17:33:40.043977 2020] [authz_core:error] [pid 18] [client 172.19.0.1:53462] AH01630: client denied by server configuration: /etc/apache2/C:, referer: http://golaco.dev.br/
[Mon Aug 03 17:33:40.341916 2020] [authz_core:error] [pid 17] [client 172.19.0.1:53466] AH01630: client denied by server configuration: /etc/apache2/C:
[Mon Aug 03 17:33:40.422883 2020] [authz_core:error] [pid 17] [client 172.19.0.1:53466] AH01630: client denied by server configuration: /etc/apache2/C:, referer: http://golaco.dev.br/
[Mon Aug 03 17:33:40.669503 2020] [authz_core:error] [pid 17] [client 172.19.0.1:53466] AH01630: client denied by server configuration: /etc/apache2/C:
[Mon Aug 03 17:33:40.735351 2020] [authz_core:error] [pid 17] [client 172.19.0.1:53466] AH01630: client denied by server configuration: /etc/apache2/C:, referer: http://golaco.dev.br/
[Mon Aug 03 17:33:41.718976 2020] [authz_core:error] [pid 17] [client 172.19.0.1:53466] AH01630: client denied by server configuration: /etc/apache2/C:
[Mon Aug 03 17:33:41.812101 2020] [authz_core:error] [pid 17] [client 172.19.0.1:53466] AH01630: client denied by server configuration: /etc/apache2/C:, referer: http://golaco.dev.br/
[Mon Aug 03 17:33:53.364728 2020] [mpm_prefork:notice] [pid 1] AH00169: caught SIGTERM, shutting down
AH00112: Warning: DocumentRoot [/etc/apache2/C:/wamp64/www/saudesys/public] does not exist
AH00112: Warning: DocumentRoot [/etc/apache2/C:/wamp64/www/saudesys/public] does not exist
AH00112: Warning: DocumentRoot [/etc/apache2/C:/wamp64/www/merecomais/public] does not exist
AH00112: Warning: DocumentRoot [/etc/apache2/C:/wamp64/www/britago/public] does not exist
AH00112: Warning: DocumentRoot [/etc/apache2/C:/wamp64/www/golaco/public] does not exist
AH00112: Warning: DocumentRoot [/etc/apache2/C:/wamp64/www/cartola/public] does not exist
AH00112: Warning: DocumentRoot [/etc/apache2/C:/wamp64/www/bioagro/public] does not exist
AH00112: Warning: DocumentRoot [/etc/apache2/C:/wamp64/www/mentoria/public] does not exist
AH00112: Warning: DocumentRoot [/etc/apache2/C:/wamp64/www/minerapido/public] does not exist
AH00112: Warning: DocumentRoot [/etc/apache2/C:/wamp64/www/laminas/public] does not exist
AH00112: Warning: DocumentRoot [/etc/apache2/C:/wamp64/www/fitmapp/public] does not exist
AH00112: Warning: DocumentRoot [/etc/apache2/C:/wamp64/www/otixhub/public] does not exist
AH00112: Warning: DocumentRoot [/etc/apache2/C:/wamp64/www/otixhub/public] does not exist
AH00112: Warning: DocumentRoot [/etc/apache2/C:/wamp64/www/otixhub/public] does not exist
AH00558: apache2: Could not reliably determine the server's fully qualified domain name, using 172.19.0.5. Set the 'ServerName' directive globally to suppress this message
[Mon Aug 03 17:33:55.356038 2020] [mpm_prefork:notice] [pid 1] AH00163: Apache/2.4.25 (Debian) PHP/7.1.20 configured -- resuming normal operations
[Mon Aug 03 17:33:55.389116 2020] [core:notice] [pid 1] AH00094: Command line: 'apache2 -D FOREGROUND'
[Mon Aug 03 17:34:02.523851 2020] [authz_core:error] [pid 16] [client 172.19.0.1:53486] AH01630: client denied by server configuration: /etc/apache2/C:
[Mon Aug 03 17:34:02.598193 2020] [authz_core:error] [pid 16] [client 172.19.0.1:53486] AH01630: client denied by server configuration: /etc/apache2/C:, referer: http://golaco.dev.br/
[Mon Aug 03 17:35:06.581015 2020] [mpm_prefork:notice] [pid 1] AH00169: caught SIGTERM, shutting down
AH00112: Warning: DocumentRoot [/etc/apache2/C:/wamp64/www/saudesys/public] does not exist
AH00112: Warning: DocumentRoot [/etc/apache2/C:/wamp64/www/saudesys/public] does not exist
AH00112: Warning: DocumentRoot [/etc/apache2/C:/wamp64/www/merecomais/public] does not exist
AH00112: Warning: DocumentRoot [/etc/apache2/C:/wamp64/www/britago/public] does not exist
AH00112: Warning: DocumentRoot [/etc/apache2/C:/wamp64/www/golaco/public] does not exist
AH00112: Warning: DocumentRoot [/etc/apache2/C:/wamp64/www/cartola/public] does not exist
AH00112: Warning: DocumentRoot [/etc/apache2/C:/wamp64/www/bioagro/public] does not exist
AH00112: Warning: DocumentRoot [/etc/apache2/C:/wamp64/www/mentoria/public] does not exist
AH00112: Warning: DocumentRoot [/etc/apache2/C:/wamp64/www/minerapido/public] does not exist
AH00112: Warning: DocumentRoot [/etc/apache2/C:/wamp64/www/laminas/public] does not exist
AH00112: Warning: DocumentRoot [/etc/apache2/C:/wamp64/www/fitmapp/public] does not exist
AH00112: Warning: DocumentRoot [/etc/apache2/C:/wamp64/www/otixhub/public] does not exist
AH00112: Warning: DocumentRoot [/etc/apache2/C:/wamp64/www/otixhub/public] does not exist
AH00112: Warning: DocumentRoot [/etc/apache2/C:/wamp64/www/otixhub/public] does not exist
AH00558: apache2: Could not reliably determine the server's fully qualified domain name, using 172.19.0.5. Set the 'ServerName' directive globally to suppress this message
[Mon Aug 03 17:35:08.669053 2020] [mpm_prefork:notice] [pid 1] AH00163: Apache/2.4.25 (Debian) PHP/7.1.20 configured -- resuming normal operations
[Mon Aug 03 17:35:08.671514 2020] [core:notice] [pid 1] AH00094: Command line: 'apache2 -D FOREGROUND'
[Mon Aug 03 17:36:26.976468 2020] [mpm_prefork:notice] [pid 1] AH00169: caught SIGTERM, shutting down
AH00112: Warning: DocumentRoot [/etc/apache2/C:/wamp64/www/saudesys/public] does not exist
AH00112: Warning: DocumentRoot [/etc/apache2/C:/wamp64/www/saudesys/public] does not exist
AH00112: Warning: DocumentRoot [/etc/apache2/C:/wamp64/www/merecomais/public] does not exist
AH00112: Warning: DocumentRoot [/etc/apache2/C:/wamp64/www/britago/public] does not exist
AH00112: Warning: DocumentRoot [/var/www/golaco/public] does not exist
AH00112: Warning: DocumentRoot [/etc/apache2/C:/wamp64/www/cartola/public] does not exist
AH00112: Warning: DocumentRoot [/etc/apache2/C:/wamp64/www/bioagro/public] does not exist
AH00112: Warning: DocumentRoot [/etc/apache2/C:/wamp64/www/mentoria/public] does not exist
AH00112: Warning: DocumentRoot [/etc/apache2/C:/wamp64/www/minerapido/public] does not exist
AH00112: Warning: DocumentRoot [/etc/apache2/C:/wamp64/www/laminas/public] does not exist
AH00112: Warning: DocumentRoot [/etc/apache2/C:/wamp64/www/fitmapp/public] does not exist
AH00112: Warning: DocumentRoot [/etc/apache2/C:/wamp64/www/otixhub/public] does not exist
AH00112: Warning: DocumentRoot [/etc/apache2/C:/wamp64/www/otixhub/public] does not exist
AH00112: Warning: DocumentRoot [/etc/apache2/C:/wamp64/www/otixhub/public] does not exist
AH00558: apache2: Could not reliably determine the server's fully qualified domain name, using 172.19.0.5. Set the 'ServerName' directive globally to suppress this message
[Mon Aug 03 17:36:29.182960 2020] [mpm_prefork:notice] [pid 1] AH00163: Apache/2.4.25 (Debian) PHP/7.1.20 configured -- resuming normal operations
[Mon Aug 03 17:36:29.186080 2020] [core:notice] [pid 1] AH00094: Command line: 'apache2 -D FOREGROUND'
[Mon Aug 03 17:38:54.648962 2020] [mpm_prefork:notice] [pid 1] AH00169: caught SIGTERM, shutting down
AH00112: Warning: DocumentRoot [/etc/apache2/C:/wamp64/www/saudesys/public] does not exist
AH00112: Warning: DocumentRoot [/etc/apache2/C:/wamp64/www/saudesys/public] does not exist
AH00112: Warning: DocumentRoot [/etc/apache2/C:/wamp64/www/merecomais/public] does not exist
AH00112: Warning: DocumentRoot [/etc/apache2/C:/wamp64/www/britago/public] does not exist
AH00112: Warning: DocumentRoot [/var/www/golaco/public] does not exist
AH00112: Warning: DocumentRoot [/etc/apache2/C:/wamp64/www/cartola/public] does not exist
AH00112: Warning: DocumentRoot [/etc/apache2/C:/wamp64/www/bioagro/public] does not exist
AH00112: Warning: DocumentRoot [/etc/apache2/C:/wamp64/www/mentoria/public] does not exist
AH00112: Warning: DocumentRoot [/etc/apache2/C:/wamp64/www/minerapido/public] does not exist
AH00112: Warning: DocumentRoot [/etc/apache2/C:/wamp64/www/laminas/public] does not exist
AH00112: Warning: DocumentRoot [/etc/apache2/C:/wamp64/www/fitmapp/public] does not exist
AH00112: Warning: DocumentRoot [/etc/apache2/C:/wamp64/www/otixhub/public] does not exist
AH00112: Warning: DocumentRoot [/etc/apache2/C:/wamp64/www/otixhub/public] does not exist
AH00112: Warning: DocumentRoot [/etc/apache2/C:/wamp64/www/otixhub/public] does not exist
AH00558: apache2: Could not reliably determine the server's fully qualified domain name, using 172.19.0.5. Set the 'ServerName' directive globally to suppress this message
[Mon Aug 03 17:38:57.020870 2020] [mpm_prefork:notice] [pid 1] AH00163: Apache/2.4.25 (Debian) PHP/7.1.20 configured -- resuming normal operations
[Mon Aug 03 17:38:57.023914 2020] [core:notice] [pid 1] AH00094: Command line: 'apache2 -D FOREGROUND'
[Mon Aug 03 17:39:56.516022 2020] [mpm_prefork:notice] [pid 1] AH00169: caught SIGTERM, shutting down
AH00112: Warning: DocumentRoot [/var/www/golaco/public] does not exist
AH00558: apache2: Could not reliably determine the server's fully qualified domain name, using 172.19.0.5. Set the 'ServerName' directive globally to suppress this message
[Mon Aug 03 17:39:58.661508 2020] [mpm_prefork:notice] [pid 1] AH00163: Apache/2.4.25 (Debian) PHP/7.1.20 configured -- resuming normal operations
[Mon Aug 03 17:39:58.666707 2020] [core:notice] [pid 1] AH00094: Command line: 'apache2 -D FOREGROUND'
[Mon Aug 03 17:40:22.749909 2020] [mpm_prefork:notice] [pid 1] AH00169: caught SIGTERM, shutting down
AH00112: Warning: DocumentRoot [/var/www/golaco/public] does not exist
AH00558: apache2: Could not reliably determine the server's fully qualified domain name, using 172.19.0.5. Set the 'ServerName' directive globally to suppress this message
[Mon Aug 03 17:40:26.161658 2020] [mpm_prefork:notice] [pid 1] AH00163: Apache/2.4.25 (Debian) PHP/7.1.20 configured -- resuming normal operations
[Mon Aug 03 17:40:26.175720 2020] [core:notice] [pid 1] AH00094: Command line: 'apache2 -D FOREGROUND'
[Mon Aug 03 17:40:54.003009 2020] [mpm_prefork:notice] [pid 1] AH00169: caught SIGTERM, shutting down
AH00112: Warning: DocumentRoot [/var/www/golaco] does not exist
AH00112: Warning: DocumentRoot [/var/www/golaco/public] does not exist
AH00558: apache2: Could not reliably determine the server's fully qualified domain name, using 172.19.0.5. Set the 'ServerName' directive globally to suppress this message
[Mon Aug 03 17:40:56.059688 2020] [mpm_prefork:notice] [pid 1] AH00163: Apache/2.4.25 (Debian) PHP/7.1.20 configured -- resuming normal operations
[Mon Aug 03 17:40:56.068732 2020] [core:notice] [pid 1] AH00094: Command line: 'apache2 -D FOREGROUND'
[Mon Aug 03 17:42:08.884368 2020] [mpm_prefork:notice] [pid 1] AH00169: caught SIGTERM, shutting down
AH00112: Warning: DocumentRoot [/var/www/golaco/public] does not exist
AH00558: apache2: Could not reliably determine the server's fully qualified domain name, using 172.19.0.5. Set the 'ServerName' directive globally to suppress this message
[Mon Aug 03 17:42:10.943878 2020] [mpm_prefork:notice] [pid 1] AH00163: Apache/2.4.25 (Debian) PHP/7.1.20 configured -- resuming normal operations
[Mon Aug 03 17:42:10.946777 2020] [core:notice] [pid 1] AH00094: Command line: 'apache2 -D FOREGROUND'
[Mon Aug 03 21:01:54.071071 2020] [mpm_prefork:notice] [pid 1] AH00169: caught SIGTERM, shutting down
AH00112: Warning: DocumentRoot [/var/www/golaco/public] does not exist
AH00558: apache2: Could not reliably determine the server's fully qualified domain name, using 172.19.0.5. Set the 'ServerName' directive globally to suppress this message
[Mon Aug 03 21:02:00.602239 2020] [mpm_prefork:notice] [pid 1] AH00163: Apache/2.4.25 (Debian) PHP/7.1.20 configured -- resuming normal operations
[Mon Aug 03 21:02:00.604232 2020] [core:notice] [pid 1] AH00094: Command line: 'apache2 -D FOREGROUND'
[Mon Aug 03 21:02:26.907110 2020] [mpm_prefork:notice] [pid 1] AH00169: caught SIGTERM, shutting down
AH00112: Warning: DocumentRoot [/var/www/golaco/public] does not exist
AH00558: apache2: Could not reliably determine the server's fully qualified domain name, using 172.19.0.5. Set the 'ServerName' directive globally to suppress this message
[Mon Aug 03 21:02:32.284705 2020] [mpm_prefork:notice] [pid 1] AH00163: Apache/2.4.25 (Debian) PHP/7.1.20 configured -- resuming normal operations
[Mon Aug 03 21:02:32.286879 2020] [core:notice] [pid 1] AH00094: Command line: 'apache2 -D FOREGROUND'
[Mon Aug 03 21:05:04.922985 2020] [mpm_prefork:notice] [pid 1] AH00169: caught SIGTERM, shutting down
AH00112: Warning: DocumentRoot [/var/www/golaco/public] does not exist
AH00558: apache2: Could not reliably determine the server's fully qualified domain name, using 172.19.0.5. Set the 'ServerName' directive globally to suppress this message
[Mon Aug 03 21:05:10.356637 2020] [mpm_prefork:notice] [pid 1] AH00163: Apache/2.4.25 (Debian) PHP/7.1.20 configured -- resuming normal operations
[Mon Aug 03 21:05:10.357884 2020] [core:notice] [pid 1] AH00094: Command line: 'apache2 -D FOREGROUND'
[Mon Aug 03 21:14:54.582285 2020] [mpm_prefork:notice] [pid 1] AH00169: caught SIGTERM, shutting down
AH00112: Warning: DocumentRoot [/var/www/golaco/public] does not exist
AH00558: apache2: Could not reliably determine the server's fully qualified domain name, using 172.19.0.5. Set the 'ServerName' directive globally to suppress this message
[Mon Aug 03 21:14:56.938259 2020] [mpm_prefork:notice] [pid 1] AH00163: Apache/2.4.25 (Debian) PHP/7.1.20 configured -- resuming normal operations
[Mon Aug 03 21:14:56.941348 2020] [core:notice] [pid 1] AH00094: Command line: 'apache2 -D FOREGROUND'
[Mon Aug 03 21:16:48.657514 2020] [mpm_prefork:notice] [pid 1] AH00169: caught SIGTERM, shutting down
AH00112: Warning: DocumentRoot [/var/www/golaco/public] does not exist
AH00558: apache2: Could not reliably determine the server's fully qualified domain name, using 172.19.0.5. Set the 'ServerName' directive globally to suppress this message
[Mon Aug 03 21:16:50.792015 2020] [mpm_prefork:notice] [pid 1] AH00163: Apache/2.4.25 (Debian) PHP/7.1.20 configured -- resuming normal operations
[Mon Aug 03 21:16:50.795038 2020] [core:notice] [pid 1] AH00094: Command line: 'apache2 -D FOREGROUND'
[Mon Aug 03 21:23:08.036674 2020] [mpm_prefork:notice] [pid 1] AH00169: caught SIGTERM, shutting down
AH00112: Warning: DocumentRoot [/var/www/golaco/public] does not exist
AH00558: apache2: Could not reliably determine the server's fully qualified domain name, using 172.19.0.5. Set the 'ServerName' directive globally to suppress this message
[Mon Aug 03 21:31:17.469910 2020] [mpm_prefork:notice] [pid 1] AH00163: Apache/2.4.25 (Debian) PHP/7.1.20 configured -- resuming normal operations
[Mon Aug 03 21:31:17.472621 2020] [core:notice] [pid 1] AH00094: Command line: 'apache2 -D FOREGROUND'
[Mon Aug 03 21:32:20.528954 2020] [mpm_prefork:notice] [pid 1] AH00169: caught SIGTERM, shutting down
AH00112: Warning: DocumentRoot [/var/www/golaco/public] does not exist
AH00558: apache2: Could not reliably determine the server's fully qualified domain name, using 172.19.0.5. Set the 'ServerName' directive globally to suppress this message
[Mon Aug 03 21:32:57.997865 2020] [mpm_prefork:notice] [pid 1] AH00163: Apache/2.4.25 (Debian) PHP/7.1.20 configured -- resuming normal operations
[Mon Aug 03 21:32:58.007754 2020] [core:notice] [pid 1] AH00094: Command line: 'apache2 -D FOREGROUND'
[Mon Aug 03 21:39:18.524111 2020] [mpm_prefork:notice] [pid 1] AH00169: caught SIGTERM, shutting down
AH00112: Warning: DocumentRoot [/var/www/golaco/public] does not exist
AH00558: apache2: Could not reliably determine the server's fully qualified domain name, using 172.19.0.5. Set the 'ServerName' directive globally to suppress this message
[Mon Aug 03 21:39:21.073836 2020] [mpm_prefork:notice] [pid 1] AH00163: Apache/2.4.25 (Debian) PHP/7.1.20 configured -- resuming normal operations
[Mon Aug 03 21:39:21.076007 2020] [core:notice] [pid 1] AH00094: Command line: 'apache2 -D FOREGROUND'
[Mon Aug 03 21:42:34.712120 2020] [mpm_prefork:notice] [pid 1] AH00169: caught SIGTERM, shutting down
AH00112: Warning: DocumentRoot [/var/www/golaco/public] does not exist
[Mon Aug 03 21:42:39.360207 2020] [mpm_prefork:notice] [pid 1] AH00163: Apache/2.4.25 (Debian) PHP/7.1.20 configured -- resuming normal operations
[Mon Aug 03 21:42:39.362237 2020] [core:notice] [pid 1] AH00094: Command line: 'apache2 -D FOREGROUND'
[Mon Aug 03 21:47:00.182440 2020] [mpm_prefork:notice] [pid 1] AH00169: caught SIGTERM, shutting down
AH00112: Warning: DocumentRoot [/var/www/golaco/public] does not exist
AH00558: apache2: Could not reliably determine the server's fully qualified domain name, using 172.19.0.5. Set the 'ServerName' directive globally to suppress this message
[Mon Aug 03 21:47:03.026502 2020] [mpm_prefork:notice] [pid 1] AH00163: Apache/2.4.25 (Debian) PHP/7.1.20 configured -- resuming normal operations
[Mon Aug 03 21:47:03.029182 2020] [core:notice] [pid 1] AH00094: Command line: 'apache2 -D FOREGROUND'
[Mon Aug 03 21:48:53.942218 2020] [mpm_prefork:notice] [pid 1] AH00169: caught SIGTERM, shutting down
AH00112: Warning: DocumentRoot [/var/www/golaco/public] does not exist
AH00558: apache2: Could not reliably determine the server's fully qualified domain name, using 172.19.0.5. Set the 'ServerName' directive globally to suppress this message
[Mon Aug 03 21:48:59.139818 2020] [mpm_prefork:notice] [pid 1] AH00163: Apache/2.4.25 (Debian) PHP/7.1.20 configured -- resuming normal operations
[Mon Aug 03 21:48:59.143427 2020] [core:notice] [pid 1] AH00094: Command line: 'apache2 -D FOREGROUND'
[Mon Aug 03 21:50:08.348636 2020] [mpm_prefork:notice] [pid 1] AH00169: caught SIGTERM, shutting down
AH00112: Warning: DocumentRoot [/var/www/golaco/public] does not exist
AH00558: apache2: Could not reliably determine the server's fully qualified domain name, using 172.19.0.5. Set the 'ServerName' directive globally to suppress this message
[Mon Aug 03 21:50:11.433216 2020] [mpm_prefork:notice] [pid 1] AH00163: Apache/2.4.25 (Debian) PHP/7.1.20 configured -- resuming normal operations
[Mon Aug 03 21:50:11.465671 2020] [core:notice] [pid 1] AH00094: Command line: 'apache2 -D FOREGROUND'
[Mon Aug 03 22:00:11.381686 2020] [mpm_prefork:notice] [pid 1] AH00169: caught SIGTERM, shutting down
AH00112: Warning: DocumentRoot [/var/www/golaco/public] does not exist
AH00558: apache2: Could not reliably determine the server's fully qualified domain name, using 172.19.0.5. Set the 'ServerName' directive globally to suppress this message
[Mon Aug 03 22:00:17.931107 2020] [mpm_prefork:notice] [pid 1] AH00163: Apache/2.4.25 (Debian) PHP/7.1.20 configured -- resuming normal operations
[Mon Aug 03 22:00:17.938206 2020] [core:notice] [pid 1] AH00094: Command line: 'apache2 -D FOREGROUND'
[Mon Aug 03 22:03:34.495921 2020] [mpm_prefork:notice] [pid 1] AH00169: caught SIGTERM, shutting down
AH00558: apache2: Could not reliably determine the server's fully qualified domain name, using 172.19.0.5. Set the 'ServerName' directive globally to suppress this message
[Mon Aug 03 22:03:41.600165 2020] [mpm_prefork:notice] [pid 1] AH00163: Apache/2.4.25 (Debian) PHP/7.1.20 configured -- resuming normal operations
[Mon Aug 03 22:03:41.608118 2020] [core:notice] [pid 1] AH00094: Command line: 'apache2 -D FOREGROUND'
[Mon Aug 03 22:04:47.781845 2020] [mpm_prefork:notice] [pid 1] AH00169: caught SIGTERM, shutting down
AH00558: apache2: Could not reliably determine the server's fully qualified domain name, using 172.19.0.5. Set the 'ServerName' directive globally to suppress this message
[Mon Aug 03 22:04:51.445219 2020] [mpm_prefork:notice] [pid 1] AH00163: Apache/2.4.25 (Debian) PHP/7.1.20 configured -- resuming normal operations
[Mon Aug 03 22:04:51.447354 2020] [core:notice] [pid 1] AH00094: Command line: 'apache2 -D FOREGROUND'
[Mon Aug 03 22:06:07.875203 2020] [mpm_prefork:notice] [pid 1] AH00169: caught SIGTERM, shutting down
AH00558: apache2: Could not reliably determine the server's fully qualified domain name, using 172.19.0.5. Set the 'ServerName' directive globally to suppress this message
[Mon Aug 03 22:06:11.371325 2020] [mpm_prefork:notice] [pid 1] AH00163: Apache/2.4.25 (Debian) PHP/7.1.20 configured -- resuming normal operations
[Mon Aug 03 22:06:11.374761 2020] [core:notice] [pid 1] AH00094: Command line: 'apache2 -D FOREGROUND'
[Mon Aug 03 22:09:36.674251 2020] [mpm_prefork:notice] [pid 1] AH00169: caught SIGTERM, shutting down
AH00558: apache2: Could not reliably determine the server's fully qualified domain name, using 172.19.0.5. Set the 'ServerName' directive globally to suppress this message
[Mon Aug 03 22:09:39.558433 2020] [mpm_prefork:notice] [pid 1] AH00163: Apache/2.4.25 (Debian) PHP/7.1.20 configured -- resuming normal operations
[Mon Aug 03 22:09:39.560556 2020] [core:notice] [pid 1] AH00094: Command line: 'apache2 -D FOREGROUND'
AH00558: apache2: Could not reliably determine the server's fully qualified domain name, using 172.19.0.2. Set the 'ServerName' directive globally to suppress this message
[Tue Aug 04 11:21:02.209356 2020] [mpm_prefork:notice] [pid 1] AH00163: Apache/2.4.25 (Debian) PHP/7.1.20 configured -- resuming normal operations
[Tue Aug 04 11:21:02.224921 2020] [core:notice] [pid 1] AH00094: Command line: 'apache2 -D FOREGROUND'
[Tue Aug 04 12:12:52.979845 2020] [mpm_prefork:notice] [pid 1] AH00169: caught SIGTERM, shutting down
AH00558: apache2: Could not reliably determine the server's fully qualified domain name, using 172.18.0.4. Set the 'ServerName' directive globally to suppress this message
[Tue Aug 04 14:24:48.081558 2020] [mpm_prefork:notice] [pid 1] AH00163: Apache/2.4.25 (Debian) PHP/7.1.20 configured -- resuming normal operations
[Tue Aug 04 14:24:48.096160 2020] [core:notice] [pid 1] AH00094: Command line: 'apache2 -D FOREGROUND'
AH00558: apache2: Could not reliably determine the server's fully qualified domain name, using 172.18.0.4. Set the 'ServerName' directive globally to suppress this message
[Tue Aug 04 14:40:24.484416 2020] [mpm_prefork:notice] [pid 1] AH00163: Apache/2.4.25 (Debian) PHP/7.1.20 configured -- resuming normal operations
[Tue Aug 04 14:40:24.488741 2020] [core:notice] [pid 1] AH00094: Command line: 'apache2 -D FOREGROUND'
[Tue Aug 04 14:42:01.932672 2020] [mpm_prefork:notice] [pid 1] AH00169: caught SIGTERM, shutting down
AH00558: apache2: Could not reliably determine the server's fully qualified domain name, using 172.18.0.4. Set the 'ServerName' directive globally to suppress this message
[Tue Aug 04 14:42:06.454878 2020] [mpm_prefork:notice] [pid 1] AH00163: Apache/2.4.25 (Debian) PHP/7.1.20 configured -- resuming normal operations
[Tue Aug 04 14:42:06.462758 2020] [core:notice] [pid 1] AH00094: Command line: 'apache2 -D FOREGROUND'
[Tue Aug 04 14:45:58.535579 2020] [mpm_prefork:notice] [pid 1] AH00169: caught SIGTERM, shutting down
AH00558: apache2: Could not reliably determine the server's fully qualified domain name, using 172.21.0.5. Set the 'ServerName' directive globally to suppress this message
[Tue Aug 04 15:02:11.399034 2020] [mpm_prefork:notice] [pid 1] AH00163: Apache/2.4.25 (Debian) PHP/7.1.20 configured -- resuming normal operations
[Tue Aug 04 15:02:11.405439 2020] [core:notice] [pid 1] AH00094: Command line: 'apache2 -D FOREGROUND'
[Tue Aug 04 15:02:33.391894 2020] [mpm_prefork:notice] [pid 1] AH00169: caught SIGTERM, shutting down
AH00558: apache2: Could not reliably determine the server's fully qualified domain name, using 172.21.0.5. Set the 'ServerName' directive globally to suppress this message
[Tue Aug 04 15:02:41.606458 2020] [mpm_prefork:notice] [pid 1] AH00163: Apache/2.4.25 (Debian) PHP/7.1.20 configured -- resuming normal operations
[Tue Aug 04 15:02:41.619707 2020] [core:notice] [pid 1] AH00094: Command line: 'apache2 -D FOREGROUND'
